#
# There is insufficient memory for the Java Runtime Environment to continue.
# Native memory allocation (malloc) failed to allocate 1340432 bytes for Chunk::new
# Possible reasons:
#   The system is out of physical RAM or swap space
#   In 32 bit mode, the process size limit was hit
# Possible solutions:
#   Reduce memory load on the system
#   Increase physical memory or swap space
#   Check if swap backing store is full
#   Use 64 bit Java on a 64 bit OS
#   Decrease Java heap size (-Xmx/-Xms)
#   Decrease number of Java threads
#   Decrease Java thread stack sizes (-Xss)
#   Set larger code cache with -XX:ReservedCodeCacheSize=
# This output file may be truncated or incomplete.
#
#  Out of Memory Error (allocation.cpp:390), pid=9124, tid=0x0000000000002290
#
# JRE version: Java(TM) SE Runtime Environment (8.0_101-b13) (build 1.8.0_101-b13)
# Java VM: Java HotSpot(TM) 64-Bit Server VM (25.101-b13 mixed mode windows-amd64 compressed oops)
# Failed to write core dump. Minidumps are not enabled by default on client versions of Windows
#

---------------  T H R E A D  ---------------

Current thread (0x000000001e99b000):  JavaThread "C2 CompilerThread1" daemon [_thread_in_native, id=8848, stack(0x000000001f270000,0x000000001f370000)]

Stack: [0x000000001f270000,0x000000001f370000]
[error occurred during error reporting (printing stack bounds), id 0xc0000005]

Native frames: (J=compiled Java code, j=interpreted, Vv=VM code, C=native code)


Current CompileTask:
C2:  11228 2355   !   4       com.android.dx.cf.code.Ropper::processBlock (1101 bytes)


---------------  P R O C E S S  ---------------

Java Threads: ( => current thread )
  0x000000001e9b1000 JavaThread "Service Thread" daemon [_thread_blocked, id=8408, stack(0x000000001f570000,0x000000001f670000)]
  0x000000001e9a2800 JavaThread "C1 CompilerThread3" daemon [_thread_blocked, id=4128, stack(0x000000001f470000,0x000000001f570000)]
  0x000000001e99d000 JavaThread "C2 CompilerThread2" daemon [_thread_in_vm, id=804, stack(0x000000001f370000,0x000000001f470000)]
=>0x000000001e99b000 JavaThread "C2 CompilerThread1" daemon [_thread_in_native, id=8848, stack(0x000000001f270000,0x000000001f370000)]
  0x000000001e996800 JavaThread "C2 CompilerThread0" daemon [_thread_in_native, id=7604, stack(0x000000001f170000,0x000000001f270000)]
  0x000000001e995000 JavaThread "Attach Listener" daemon [_thread_blocked, id=8492, stack(0x000000001f070000,0x000000001f170000)]
  0x000000001e994000 JavaThread "Signal Dispatcher" daemon [_thread_blocked, id=9328, stack(0x000000001ef70000,0x000000001f070000)]
  0x000000001e990800 JavaThread "Finalizer" daemon [_thread_blocked, id=10012, stack(0x000000001ed70000,0x000000001ee70000)]
  0x0000000002f86000 JavaThread "Reference Handler" daemon [_thread_blocked, id=7248, stack(0x000000001e870000,0x000000001e970000)]
  0x0000000002e91000 JavaThread "main" [_thread_in_Java, id=4684, stack(0x0000000002c90000,0x0000000002d90000)]

Other Threads:
  0x000000001caa9800 VMThread [stack: 0x000000001e770000,0x000000001e870000] [id=8180]
  0x000000001ea16800 WatcherThread [stack: 0x000000001f670000,0x000000001f770000] [id=7324]

VM state:not at safepoint (normal execution)

VM Mutex/Monitor currently owned by a thread: None

Heap:
 PSYoungGen      total 585728K, used 585644K [0x000000076ab00000, 0x00000007a7c00000, 0x00000007c0000000)
  eden space 461824K, 99% used [0x000000076ab00000,0x0000000786df0c68,0x0000000786e00000)
  from space 123904K, 99% used [0x0000000786e00000,0x000000078e6fa4b0,0x000000078e700000)
  to   space 180736K, 0% used [0x000000079cb80000,0x000000079cb80000,0x00000007a7c00000)
 ParOldGen       total 266752K, used 173965K [0x00000006c0000000, 0x00000006d0480000, 0x000000076ab00000)
  object space 266752K, 65% used [0x00000006c0000000,0x00000006ca9e3468,0x00000006d0480000)
 Metaspace       used 6937K, capacity 7576K, committed 7936K, reserved 1056768K
  class space    used 641K, capacity 656K, committed 768K, reserved 1048576K

Card table byte_map: [0x0000000012350000,0x0000000012b60000] byte_map_base: 0x000000000ed50000

Marking Bits: (ParMarkBitMap*) 0x0000000063b8a6d0
 Begin Bits: [0x00000000138c0000, 0x00000000178c0000)
 End Bits:   [0x00000000178c0000, 0x000000001b8c0000)

Polling page: 0x0000000002b90000

CodeCache: size=245760Kb used=14409Kb max_used=14421Kb free=231350Kb
 bounds [0x0000000002f90000, 0x0000000003dc0000, 0x0000000011f90000]
 total_blobs=3171 nmethods=2902 adapters=181
 compilation: enabled

Compilation events (10 events):
Event: 11.218 Thread 0x000000001e9a2800 2962       1       com.android.dx.dex.code.CatchTable$Entry::getEnd (5 bytes)
Event: 11.218 Thread 0x000000001e9a2800 nmethod 2962 0x00000000030d4950 code [0x00000000030d4aa0, 0x00000000030d4bb0]
Event: 11.218 Thread 0x000000001e9a2800 2969   !   3       com.android.dx.dex.file.CodeItem::writeCodes (50 bytes)
Event: 11.218 Thread 0x000000001e9a2800 nmethod 2969 0x0000000003da9210 code [0x0000000003da9420, 0x0000000003da9e88]
Event: 11.218 Thread 0x000000001e9a2800 2968       3       com.android.dx.dex.file.CodeItem::getInsSize (12 bytes)
Event: 11.218 Thread 0x000000001e9a2800 nmethod 2968 0x00000000030daf50 code [0x00000000030db0e0, 0x00000000030db538]
Event: 11.219 Thread 0x000000001e9a2800 2982       3       com.android.dx.dex.code.form.Form22b::writeTo (54 bytes)
Event: 11.219 Thread 0x000000001e9a2800 nmethod 2982 0x0000000003da7e10 code [0x0000000003da8020, 0x0000000003da8d48]
Event: 11.221 Thread 0x000000001e99d000 nmethod 2974% 0x0000000003db1590 code [0x0000000003db1700, 0x0000000003db1b88]
Event: 11.221 Thread 0x000000001e99d000 2975 % !   4       com.android.dx.dex.code.DalvInsnList::writeTo @ 132 (254 bytes)

GC Heap History (10 events):
Event: 6.249 GC heap before
{Heap before GC invocations=4 (full 0):
 PSYoungGen      total 141824K, used 141811K [0x000000076ab00000, 0x000000077c000000, 0x00000007c0000000)
  eden space 131072K, 100% used [0x000000076ab00000,0x0000000772b00000,0x0000000772b00000)
  from space 10752K, 99% used [0x0000000772b00000,0x000000077357ce98,0x0000000773580000)
  to   space 10752K, 0% used [0x000000077b580000,0x000000077b580000,0x000000077c000000)
 ParOldGen       total 175104K, used 75443K [0x00000006c0000000, 0x00000006cab00000, 0x000000076ab00000)
  object space 175104K, 43% used [0x00000006c0000000,0x00000006c49acf40,0x00000006cab00000)
 Metaspace       used 6388K, capacity 7192K, committed 7424K, reserved 1056768K
  class space    used 624K, capacity 656K, committed 768K, reserved 1048576K
Event: 6.276 GC heap after
Heap after GC invocations=4 (full 0):
 PSYoungGen      total 272896K, used 10750K [0x000000076ab00000, 0x000000077c000000, 0x00000007c0000000)
  eden space 262144K, 0% used [0x000000076ab00000,0x000000076ab00000,0x000000077ab00000)
  from space 10752K, 99% used [0x000000077b580000,0x000000077bfff890,0x000000077c000000)
  to   space 10752K, 0% used [0x000000077ab00000,0x000000077ab00000,0x000000077b580000)
 ParOldGen       total 175104K, used 106161K [0x00000006c0000000, 0x00000006cab00000, 0x000000076ab00000)
  object space 175104K, 60% used [0x00000006c0000000,0x00000006c67ac5d0,0x00000006cab00000)
 Metaspace       used 6388K, capacity 7192K, committed 7424K, reserved 1056768K
  class space    used 624K, capacity 656K, committed 768K, reserved 1048576K
}
Event: 7.234 GC heap before
{Heap before GC invocations=5 (full 0):
 PSYoungGen      total 272896K, used 272894K [0x000000076ab00000, 0x000000077c000000, 0x00000007c0000000)
  eden space 262144K, 100% used [0x000000076ab00000,0x000000077ab00000,0x000000077ab00000)
  from space 10752K, 99% used [0x000000077b580000,0x000000077bfff890,0x000000077c000000)
  to   space 10752K, 0% used [0x000000077ab00000,0x000000077ab00000,0x000000077b580000)
 ParOldGen       total 175104K, used 106161K [0x00000006c0000000, 0x00000006cab00000, 0x000000076ab00000)
  object space 175104K, 60% used [0x00000006c0000000,0x00000006c67ac5d0,0x00000006cab00000)
 Metaspace       used 6452K, capacity 7192K, committed 7424K, reserved 1056768K
  class space    used 624K, capacity 656K, committed 768K, reserved 1048576K
Event: 7.280 GC heap after
Heap after GC invocations=5 (full 0):
 PSYoungGen      total 272896K, used 10736K [0x000000076ab00000, 0x0000000796000000, 0x00000007c0000000)
  eden space 262144K, 0% used [0x000000076ab00000,0x000000076ab00000,0x000000077ab00000)
  from space 10752K, 99% used [0x000000077ab00000,0x000000077b57c390,0x000000077b580000)
  to   space 92672K, 0% used [0x0000000790580000,0x0000000790580000,0x0000000796000000)
 ParOldGen       total 175104K, used 166997K [0x00000006c0000000, 0x00000006cab00000, 0x000000076ab00000)
  object space 175104K, 95% used [0x00000006c0000000,0x00000006ca315728,0x00000006cab00000)
 Metaspace       used 6452K, capacity 7192K, committed 7424K, reserved 1056768K
  class space    used 624K, capacity 656K, committed 768K, reserved 1048576K
}
Event: 7.280 GC heap before
{Heap before GC invocations=6 (full 1):
 PSYoungGen      total 272896K, used 10736K [0x000000076ab00000, 0x0000000796000000, 0x00000007c0000000)
  eden space 262144K, 0% used [0x000000076ab00000,0x000000076ab00000,0x000000077ab00000)
  from space 10752K, 99% used [0x000000077ab00000,0x000000077b57c390,0x000000077b580000)
  to   space 92672K, 0% used [0x0000000790580000,0x0000000790580000,0x0000000796000000)
 ParOldGen       total 175104K, used 166997K [0x00000006c0000000, 0x00000006cab00000, 0x000000076ab00000)
  object space 175104K, 95% used [0x00000006c0000000,0x00000006ca315728,0x00000006cab00000)
 Metaspace       used 6452K, capacity 7192K, committed 7424K, reserved 1056768K
  class space    used 624K, capacity 656K, committed 768K, reserved 1048576K
Event: 7.626 GC heap after
Heap after GC invocations=6 (full 1):
 PSYoungGen      total 272896K, used 0K [0x000000076ab00000, 0x0000000796000000, 0x00000007c0000000)
  eden space 262144K, 0% used [0x000000076ab00000,0x000000076ab00000,0x000000077ab00000)
  from space 10752K, 0% used [0x000000077ab00000,0x000000077ab00000,0x000000077b580000)
  to   space 92672K, 0% used [0x0000000790580000,0x0000000790580000,0x0000000796000000)
 ParOldGen       total 266752K, used 89535K [0x00000006c0000000, 0x00000006d0480000, 0x000000076ab00000)
  object space 266752K, 33% used [0x00000006c0000000,0x00000006c576fc50,0x00000006d0480000)
 Metaspace       used 6452K, capacity 7192K, committed 7424K, reserved 1056768K
  class space    used 624K, capacity 656K, committed 768K, reserved 1048576K
}
Event: 8.813 GC heap before
{Heap before GC invocations=7 (full 1):
 PSYoungGen      total 272896K, used 262144K [0x000000076ab00000, 0x0000000796000000, 0x00000007c0000000)
  eden space 262144K, 100% used [0x000000076ab00000,0x000000077ab00000,0x000000077ab00000)
  from space 10752K, 0% used [0x000000077ab00000,0x000000077ab00000,0x000000077b580000)
  to   space 92672K, 0% used [0x0000000790580000,0x0000000790580000,0x0000000796000000)
 ParOldGen       total 266752K, used 89535K [0x00000006c0000000, 0x00000006d0480000, 0x000000076ab00000)
  object space 266752K, 33% used [0x00000006c0000000,0x00000006c576fc50,0x00000006d0480000)
 Metaspace       used 6486K, capacity 7192K, committed 7424K, reserved 1056768K
  class space    used 624K, capacity 656K, committed 768K, reserved 1048576K
Event: 8.890 GC heap after
Heap after GC invocations=7 (full 1):
 PSYoungGen      total 493056K, used 92652K [0x000000076ab00000, 0x0000000796000000, 0x00000007c0000000)
  eden space 400384K, 0% used [0x000000076ab00000,0x000000076ab00000,0x0000000783200000)
  from space 92672K, 99% used [0x0000000790580000,0x0000000795ffb308,0x0000000796000000)
  to   space 123904K, 0% used [0x0000000786e00000,0x0000000786e00000,0x000000078e700000)
 ParOldGen       total 266752K, used 110165K [0x00000006c0000000, 0x00000006d0480000, 0x000000076ab00000)
  object space 266752K, 41% used [0x00000006c0000000,0x00000006c6b95418,0x00000006d0480000)
 Metaspace       used 6486K, capacity 7192K, committed 7424K, reserved 1056768K
  class space    used 624K, capacity 656K, committed 768K, reserved 1048576K
}
Event: 9.630 GC heap before
{Heap before GC invocations=8 (full 1):
 PSYoungGen      total 493056K, used 493036K [0x000000076ab00000, 0x0000000796000000, 0x00000007c0000000)
  eden space 400384K, 100% used [0x000000076ab00000,0x0000000783200000,0x0000000783200000)
  from space 92672K, 99% used [0x0000000790580000,0x0000000795ffb308,0x0000000796000000)
  to   space 123904K, 0% used [0x0000000786e00000,0x0000000786e00000,0x000000078e700000)
 ParOldGen       total 266752K, used 110165K [0x00000006c0000000, 0x00000006d0480000, 0x000000076ab00000)
  object space 266752K, 41% used [0x00000006c0000000,0x00000006c6b95418,0x00000006d0480000)
 Metaspace       used 6526K, capacity 7256K, committed 7424K, reserved 1056768K
  class space    used 624K, capacity 656K, committed 768K, reserved 1048576K
Event: 9.729 GC heap after
Heap after GC invocations=8 (full 1):
 PSYoungGen      total 585728K, used 123881K [0x000000076ab00000, 0x00000007a7c00000, 0x00000007c0000000)
  eden space 461824K, 0% used [0x000000076ab00000,0x000000076ab00000,0x0000000786e00000)
  from space 123904K, 99% used [0x0000000786e00000,0x000000078e6fa4b0,0x000000078e700000)
  to   space 180736K, 0% used [0x000000079cb80000,0x000000079cb80000,0x00000007a7c00000)
 ParOldGen       total 266752K, used 173965K [0x00000006c0000000, 0x00000006d0480000, 0x000000076ab00000)
  object space 266752K, 65% used [0x00000006c0000000,0x00000006ca9e3468,0x00000006d0480000)
 Metaspace       used 6526K, capacity 7256K, committed 7424K, reserved 1056768K
  class space    used 624K, capacity 656K, committed 768K, reserved 1048576K
}

Deoptimization events (10 events):
Event: 10.274 Thread 0x0000000002e91000 Uncommon trap: reason=class_check action=maybe_recompile pc=0x0000000003377e80 method=java.util.Arrays.hashCode([Ljava/lang/Object;)I @ 43
Event: 10.274 Thread 0x0000000002e91000 Uncommon trap: reason=class_check action=maybe_recompile pc=0x0000000003377e80 method=java.util.Arrays.hashCode([Ljava/lang/Object;)I @ 43
Event: 10.274 Thread 0x0000000002e91000 Uncommon trap: reason=class_check action=maybe_recompile pc=0x0000000003377e80 method=java.util.Arrays.hashCode([Ljava/lang/Object;)I @ 43
Event: 10.624 Thread 0x0000000002e91000 Uncommon trap: reason=speculate_class_check action=maybe_recompile pc=0x00000000032ca7c8 method=com.android.dx.util.FixedSizeList.equals(Ljava/lang/Object;)Z @ 25
Event: 10.624 Thread 0x0000000002e91000 Uncommon trap: reason=speculate_class_check action=maybe_recompile pc=0x00000000032ca7c8 method=com.android.dx.util.FixedSizeList.equals(Ljava/lang/Object;)Z @ 25
Event: 10.625 Thread 0x0000000002e91000 Uncommon trap: reason=speculate_class_check action=maybe_recompile pc=0x00000000032ca7c8 method=com.android.dx.util.FixedSizeList.equals(Ljava/lang/Object;)Z @ 25
Event: 10.625 Thread 0x0000000002e91000 Uncommon trap: reason=speculate_class_check action=maybe_recompile pc=0x00000000032ca7c8 method=com.android.dx.util.FixedSizeList.equals(Ljava/lang/Object;)Z @ 25
Event: 10.629 Thread 0x0000000002e91000 Uncommon trap: reason=unstable_if action=reinterpret pc=0x000000000377434c method=java.util.TreeMap.put(Ljava/lang/Object;Ljava/lang/Object;)Ljava/lang/Object; @ 163
Event: 10.754 Thread 0x0000000002e91000 Uncommon trap: reason=unstable_if action=reinterpret pc=0x0000000003ce5c84 method=com.android.dx.dex.code.OutputFinisher.align64bits([Lcom/android/dx/dex/code/Dop;)V @ 205
Event: 11.154 Thread 0x0000000002e91000 Uncommon trap: reason=unstable_if action=reinterpret pc=0x0000000003d2da14 method=com.android.dx.util.ByteArrayAnnotatedOutput.writeByte(I)V @ 13

Internal exceptions (6 events):
Event: 0.216 Thread 0x0000000002e91000 Exception <a 'java/lang/NoSuchMethodError': Method sun.misc.Unsafe.defineClass(Ljava/lang/String;[BII)Ljava/lang/Class; name or signature does not match> (0x000000076ab07cc0) thrown at [C:\re\workspace\8-2-build-windows-amd64-cygwin\jdk8u101\7261\hotspot\s«T;ä¿¶À?
Event: 0.216 Thread 0x0000000002e91000 Exception <a 'java/lang/NoSuchMethodError': Method sun.misc.Unsafe.prefetchRead(Ljava/lang/Object;J)V name or signature does not match> (0x000000076ab07fa8) thrown at [C:\re\workspace\8-2-build-windows-amd64-cygwin\jdk8u101\7261\hotspot\src\share\vm\prims\Kô<¨@
Event: 5.030 Thread 0x000000001ed3a000 Exception <a 'java/lang/ArrayIndexOutOfBoundsException': 18> (0x000000076c647a60) thrown at [C:\re\workspace\8-2-build-windows-amd64-cygwin\jdk8u101\7261\hotspot\src\share\vm\interpreter\interpreterRuntime.cpp, line 366]
Event: 5.030 Thread 0x000000001ed3a000 Exception <a 'java/lang/ArrayIndexOutOfBoundsException': 145> (0x000000076c6495e0) thrown at [C:\re\workspace\8-2-build-windows-amd64-cygwin\jdk8u101\7261\hotspot\src\share\vm\interpreter\interpreterRuntime.cpp, line 366]
Event: 5.031 Thread 0x000000001ed3a000 Exception <a 'java/lang/ArrayIndexOutOfBoundsException'> (0x000000076c64a8c8) thrown at [C:\re\workspace\8-2-build-windows-amd64-cygwin\jdk8u101\7261\hotspot\src\share\vm\runtime\sharedRuntime.cpp, line 605]
Event: 6.483 Thread 0x0000000002e91000 Implicit null exception at 0x0000000003584a6c to 0x0000000003584a8e

Events (10 events):
Event: 11.195 Thread 0x000000001e996800 flushing nmethod 0x00000000030d7150
Event: 11.195 Thread 0x000000001e996800 flushing nmethod 0x00000000030d7850
Event: 11.195 Thread 0x000000001e996800 flushing nmethod 0x00000000030d8c50
Event: 11.195 Thread 0x000000001e996800 flushing nmethod 0x00000000030d9210
Event: 11.195 Thread 0x000000001e996800 flushing nmethod 0x00000000030dacd0
Event: 11.195 Thread 0x000000001e996800 flushing nmethod 0x00000000030dd950
Event: 11.195 Thread 0x000000001e996800 flushing nmethod 0x00000000030e1ad0
Event: 11.197 Thread 0x000000001e9a2800 flushing nmethod 0x0000000003107510
Event: 11.222 Thread 0x0000000002e91000 DEOPT PACKING pc=0x0000000003d91c1a sp=0x0000000002d8ef10
Event: 11.222 Thread 0x0000000002e91000 DEOPT UNPACKING pc=0x0000000002fd787f sp=0x0000000002d8ec30 mode 0


Dynamic libraries:
0x00007ff6c4250000 - 0x00007ff6c4287000 	C:\Program Files\Java\jdk1.8.0_101\bin\java.exe
0x00007ff8209d0000 - 0x00007ff820ba1000 	C:\WINDOWS\SYSTEM32\ntdll.dll
0x00007ff81ff40000 - 0x00007ff81ffeb000 	C:\WINDOWS\System32\KERNEL32.DLL
0x00007ff81d640000 - 0x00007ff81d85d000 	C:\WINDOWS\System32\KERNELBASE.dll
0x00007ff820590000 - 0x00007ff820632000 	C:\WINDOWS\System32\ADVAPI32.dll
0x00007ff820420000 - 0x00007ff8204be000 	C:\WINDOWS\System32\msvcrt.dll
0x00007ff8204c0000 - 0x00007ff820519000 	C:\WINDOWS\System32\sechost.dll
0x00007ff81dfa0000 - 0x00007ff81e0c1000 	C:\WINDOWS\System32\RPCRT4.dll
0x00007ff820660000 - 0x00007ff8207c5000 	C:\WINDOWS\System32\USER32.dll
0x00007ff81d860000 - 0x00007ff81d87e000 	C:\WINDOWS\System32\win32u.dll
0x00007ff81df60000 - 0x00007ff81df94000 	C:\WINDOWS\System32\GDI32.dll
0x00007ff81d3a0000 - 0x00007ff81d522000 	C:\WINDOWS\System32\gdi32full.dll
0x00007ff810fd0000 - 0x00007ff811249000 	C:\WINDOWS\WinSxS\amd64_microsoft.windows.common-controls_6595b64144ccf1df_6.0.14393.447_none_42191651c6827bb3\COMCTL32.dll
0x00007ff81fc00000 - 0x00007ff81fec7000 	C:\WINDOWS\System32\combase.dll
0x00007ff81d0f0000 - 0x00007ff81d1e5000 	C:\WINDOWS\System32\ucrtbase.dll
0x00007ff81d5d0000 - 0x00007ff81d63a000 	C:\WINDOWS\System32\bcryptPrimitives.dll
0x00007ff81fbc0000 - 0x00007ff81fbee000 	C:\WINDOWS\System32\IMM32.DLL
0x0000000061460000 - 0x0000000061532000 	C:\Program Files\Java\jdk1.8.0_101\jre\bin\msvcr100.dll
0x0000000063370000 - 0x0000000063c0a000 	C:\Program Files\Java\jdk1.8.0_101\jre\bin\server\jvm.dll
0x00007ff81fbf0000 - 0x00007ff81fbf8000 	C:\WINDOWS\System32\PSAPI.DLL
0x00007ff80d790000 - 0x00007ff80d799000 	C:\WINDOWS\SYSTEM32\WSOCK32.dll
0x00007ff820520000 - 0x00007ff82058a000 	C:\WINDOWS\System32\WS2_32.dll
0x00007ff81b010000 - 0x00007ff81b033000 	C:\WINDOWS\SYSTEM32\WINMM.dll
0x00007ff819330000 - 0x00007ff81933a000 	C:\WINDOWS\SYSTEM32\VERSION.dll
0x00007ff81abc0000 - 0x00007ff81abeb000 	C:\WINDOWS\SYSTEM32\WINMMBASE.dll
0x00007ff81d350000 - 0x00007ff81d392000 	C:\WINDOWS\System32\cfgmgr32.dll
0x0000000063280000 - 0x000000006328f000 	C:\Program Files\Java\jdk1.8.0_101\jre\bin\verify.dll
0x0000000063250000 - 0x0000000063279000 	C:\Program Files\Java\jdk1.8.0_101\jre\bin\java.dll
0x0000000063230000 - 0x0000000063246000 	C:\Program Files\Java\jdk1.8.0_101\jre\bin\zip.dll
0x00007ff81e650000 - 0x00007ff81fb59000 	C:\WINDOWS\System32\SHELL32.dll
0x00007ff81d880000 - 0x00007ff81df5a000 	C:\WINDOWS\System32\windows.storage.dll
0x00007ff81ce40000 - 0x00007ff81ce8c000 	C:\WINDOWS\System32\powrprof.dll
0x00007ff820910000 - 0x00007ff820962000 	C:\WINDOWS\System32\shlwapi.dll
0x00007ff81ce30000 - 0x00007ff81ce3f000 	C:\WINDOWS\System32\kernel.appcore.dll
0x00007ff81d2a0000 - 0x00007ff81d349000 	C:\WINDOWS\System32\shcore.dll
0x00007ff81ce90000 - 0x00007ff81cea4000 	C:\WINDOWS\System32\profapi.dll

VM Arguments:
jvm_args: -Djava.awt.headless=true -Xmx4g -Dfile.encoding=windows-1252 -Duser.country=BR -Duser.language=pt -Duser.variant 
java_command: com.android.dx.command.Main --dex --num-threads=4 --output C:\Users\matiastulio\Desktop\AppSocial2\app\build\intermediates\pre-dexed\debug\com.google.android.gms-play-services-ads-9.4.0_8d97f7793677212133ec1270478af7fb9ed0e5f4.jar C:\Users\matiastulio\Desktop\AppSocial2\app\build\intermediates\exploded-aar\com.google.android.gms\play-services-ads\9.4.0\jars\classes.jar
java_class_path (initial): D:\SDK_AS\build-tools\24.0.0\lib\dx.jar
Launcher Type: SUN_STANDARD

Environment Variables:
PATH=c:\programdata\oracle\java\javapath;c:\windows\system32;c:\windows;c:\windows\system32\wbem;c:\windows\system32\windowspowershell\v1.0\;c:\program files (x86)\skype\phone\;c:\windows\system32;c:\windows;c:\windows\system32\wbem;c:\windows\system32\windowspowershell\v1.0\;c:\MinGW\bin;C:\Users\matiastulio\AppData\Local\Microsoft\WindowsApps;c:\MinGW\bin;
USERNAME=matiastulio
OS=Windows_NT
PROCESSOR_IDENTIFIER=Intel64 Family 6 Model 42 Stepping 7, GenuineIntel



---------------  S Y S T E M  ---------------

OS: Windows 10.0 , 64 bit Build 14393 (10.0.14393.0)

CPU:total 8 (4 cores per cpu, 2 threads per core) family 6 model 42 stepping 7, cmov, cx8, fxsr, mmx, sse, sse2, sse3, ssse3, sse4.1, sse4.2, popcnt, avx, aes, clmul, ht, tsc, tscinvbit

Memory: 4k page, physical 16723044k(5981280k free), swap 16723044k(29508k free)

vm_info: Java HotSpot(TM) 64-Bit Server VM (25.101-b13) for windows-amd64 JRE (1.8.0_101-b13), built on Jun 22 2016 01:21:29 by "java_re" with MS VC++ 10.0 (VS2010)

time: Fri Dec 02 02:59:27 2016
elapsed time: 11 seconds (0d 0h 0m 11s)

