#
# There is insufficient memory for the Java Runtime Environment to continue.
# Native memory allocation (malloc) failed to allocate 65552 bytes for Chunk::new
# Possible reasons:
#   The system is out of physical RAM or swap space
#   In 32 bit mode, the process size limit was hit
# Possible solutions:
#   Reduce memory load on the system
#   Increase physical memory or swap space
#   Check if swap backing store is full
#   Use 64 bit Java on a 64 bit OS
#   Decrease Java heap size (-Xmx/-Xms)
#   Decrease number of Java threads
#   Decrease Java thread stack sizes (-Xss)
#   Set larger code cache with -XX:ReservedCodeCacheSize=
# This output file may be truncated or incomplete.
#
#  Out of Memory Error (allocation.cpp:390), pid=5872, tid=0x0000000000001310
#
# JRE version: Java(TM) SE Runtime Environment (8.0_101-b13) (build 1.8.0_101-b13)
# Java VM: Java HotSpot(TM) 64-Bit Server VM (25.101-b13 mixed mode windows-amd64 compressed oops)
# Failed to write core dump. Minidumps are not enabled by default on client versions of Windows
#

---------------  T H R E A D  ---------------

Current thread (0x0000000017af1000):  JavaThread "C2 CompilerThread2" daemon [_thread_in_native, id=4880, stack(0x00000000184d0000,0x00000000185d0000)]

Stack: [0x00000000184d0000,0x00000000185d0000]
[error occurred during error reporting (printing stack bounds), id 0xc0000005]

Native frames: (J=compiled Java code, j=interpreted, Vv=VM code, C=native code)


Current CompileTask:
C2:   3655 1717       4       com.android.dx.dex.code.OutputFinisher::addConstants (93 bytes)


---------------  P R O C E S S  ---------------

Java Threads: ( => current thread )
  0x0000000017b92000 JavaThread "Service Thread" daemon [_thread_blocked, id=9920, stack(0x00000000186d0000,0x00000000187d0000)]
  0x0000000017af9800 JavaThread "C1 CompilerThread3" daemon [_thread_blocked, id=8196, stack(0x00000000185d0000,0x00000000186d0000)]
=>0x0000000017af1000 JavaThread "C2 CompilerThread2" daemon [_thread_in_native, id=4880, stack(0x00000000184d0000,0x00000000185d0000)]
  0x0000000017aef800 JavaThread "C2 CompilerThread1" daemon [_thread_blocked, id=6232, stack(0x00000000183d0000,0x00000000184d0000)]
  0x0000000017ae7000 JavaThread "C2 CompilerThread0" daemon [_thread_blocked, id=2156, stack(0x00000000182d0000,0x00000000183d0000)]
  0x0000000017ae5800 JavaThread "Attach Listener" daemon [_thread_blocked, id=5352, stack(0x00000000181d0000,0x00000000182d0000)]
  0x0000000015bfe000 JavaThread "Signal Dispatcher" daemon [_thread_blocked, id=8240, stack(0x00000000180d0000,0x00000000181d0000)]
  0x000000000309e000 JavaThread "Finalizer" daemon [_thread_blocked, id=9632, stack(0x0000000017ec0000,0x0000000017fc0000)]
  0x0000000003097000 JavaThread "Reference Handler" daemon [_thread_blocked, id=2580, stack(0x00000000179c0000,0x0000000017ac0000)]
  0x0000000002fa1000 JavaThread "main" [_thread_in_Java, id=4652, stack(0x0000000002e80000,0x0000000002f80000)]

Other Threads:
  0x0000000015be9800 VMThread [stack: 0x00000000178c0000,0x00000000179c0000] [id=5608]
  0x0000000017b95000 WatcherThread [stack: 0x00000000187d0000,0x00000000188d0000] [id=9008]

VM state:not at safepoint (normal execution)

VM Mutex/Monitor currently owned by a thread: None

Heap:
 PSYoungGen      total 76288K, used 35925K [0x00000000eab00000, 0x00000000f4000000, 0x0000000100000000)
  eden space 65536K, 38% used [0x00000000eab00000,0x00000000ec398050,0x00000000eeb00000)
  from space 10752K, 99% used [0x00000000eeb00000,0x00000000ef57d630,0x00000000ef580000)
  to   space 10752K, 0% used [0x00000000f3580000,0x00000000f3580000,0x00000000f4000000)
 ParOldGen       total 175104K, used 708K [0x00000000c0000000, 0x00000000cab00000, 0x00000000eab00000)
  object space 175104K, 0% used [0x00000000c0000000,0x00000000c00b1090,0x00000000cab00000)
 Metaspace       used 6321K, capacity 7160K, committed 7296K, reserved 1056768K
  class space    used 612K, capacity 624K, committed 640K, reserved 1048576K

Card table byte_map: [0x0000000012470000,0x0000000012680000] byte_map_base: 0x0000000011e70000

Marking Bits: (ParMarkBitMap*) 0x0000000063b8a6d0
 Begin Bits: [0x0000000012fe0000, 0x0000000013fe0000)
 End Bits:   [0x0000000013fe0000, 0x0000000014fe0000)

Polling page: 0x0000000002f80000

CodeCache: size=245760Kb used=7423Kb max_used=7452Kb free=238336Kb
 bounds [0x00000000030b0000, 0x0000000003810000, 0x00000000120b0000]
 total_blobs=1992 nmethods=1722 adapters=182
 compilation: enabled

Compilation events (10 events):
Event: 3.481 Thread 0x0000000017ae7000 nmethod 1726 0x00000000037ce450 code [0x00000000037ce600, 0x00000000037cedd8]
Event: 3.481 Thread 0x0000000017ae7000 1710       4       com.android.dx.rop.code.BasicBlock::getLastInsn (8 bytes)
Event: 3.482 Thread 0x0000000017ae7000 nmethod 1710 0x00000000037d4610 code [0x00000000037d4760, 0x00000000037d4858]
Event: 3.483 Thread 0x0000000017ae7000 1724       4       com.android.dx.rop.cst.CstType::hashCode (8 bytes)
Event: 3.485 Thread 0x0000000017ae7000 nmethod 1724 0x00000000037d8850 code [0x00000000037d89a0, 0x00000000037d8b38]
Event: 3.485 Thread 0x0000000017ae7000 1703       4       com.android.dx.rop.code.RegisterSpec::getType (10 bytes)
Event: 3.486 Thread 0x0000000017ae7000 nmethod 1703 0x000000000363d450 code [0x000000000363d580, 0x000000000363d5f8]
Event: 3.486 Thread 0x0000000017ae7000 1728   !   4       com.android.dx.rop.cst.CstType::intern (48 bytes)
Event: 3.519 Thread 0x0000000017ae7000 nmethod 1728 0x00000000037ef410 code [0x00000000037ef600, 0x00000000037f07d8]
Event: 3.538 Thread 0x0000000017aef800 nmethod 1662 0x00000000037f72d0 code [0x00000000037f7780, 0x00000000037fbd70]

GC Heap History (2 events):
Event: 1.681 GC heap before
{Heap before GC invocations=1 (full 0):
 PSYoungGen      total 76288K, used 65536K [0x00000000eab00000, 0x00000000f0000000, 0x0000000100000000)
  eden space 65536K, 100% used [0x00000000eab00000,0x00000000eeb00000,0x00000000eeb00000)
  from space 10752K, 0% used [0x00000000ef580000,0x00000000ef580000,0x00000000f0000000)
  to   space 10752K, 0% used [0x00000000eeb00000,0x00000000eeb00000,0x00000000ef580000)
 ParOldGen       total 175104K, used 0K [0x00000000c0000000, 0x00000000cab00000, 0x00000000eab00000)
  object space 175104K, 0% used [0x00000000c0000000,0x00000000c0000000,0x00000000cab00000)
 Metaspace       used 6196K, capacity 7090K, committed 7296K, reserved 1056768K
  class space    used 604K, capacity 618K, committed 640K, reserved 1048576K
Event: 1.871 GC heap after
Heap after GC invocations=1 (full 0):
 PSYoungGen      total 76288K, used 10741K [0x00000000eab00000, 0x00000000f4000000, 0x0000000100000000)
  eden space 65536K, 0% used [0x00000000eab00000,0x00000000eab00000,0x00000000eeb00000)
  from space 10752K, 99% used [0x00000000eeb00000,0x00000000ef57d630,0x00000000ef580000)
  to   space 10752K, 0% used [0x00000000f3580000,0x00000000f3580000,0x00000000f4000000)
 ParOldGen       total 175104K, used 708K [0x00000000c0000000, 0x00000000cab00000, 0x00000000eab00000)
  object space 175104K, 0% used [0x00000000c0000000,0x00000000c00b1090,0x00000000cab00000)
 Metaspace       used 6196K, capacity 7090K, committed 7296K, reserved 1056768K
  class space    used 604K, capacity 618K, committed 640K, reserved 1048576K
}

Deoptimization events (10 events):
Event: 3.363 Thread 0x0000000002fa1000 Uncommon trap: reason=class_check action=maybe_recompile pc=0x0000000003614bc0 method=java.util.HashMap.putVal(ILjava/lang/Object;Ljava/lang/Object;ZZ)Ljava/lang/Object; @ 203
Event: 3.364 Thread 0x0000000002fa1000 Uncommon trap: reason=bimorphic action=maybe_recompile pc=0x000000000347630c method=java.util.HashMap.getNode(ILjava/lang/Object;)Ljava/util/HashMap$Node; @ 126
Event: 3.364 Thread 0x0000000002fa1000 Uncommon trap: reason=class_check action=maybe_recompile pc=0x0000000003614bc0 method=java.util.HashMap.putVal(ILjava/lang/Object;Ljava/lang/Object;ZZ)Ljava/lang/Object; @ 203
Event: 3.364 Thread 0x0000000002fa1000 Uncommon trap: reason=bimorphic action=maybe_recompile pc=0x0000000003474cb4 method=java.util.HashMap.getNode(ILjava/lang/Object;)Ljava/util/HashMap$Node; @ 126
Event: 3.364 Thread 0x0000000002fa1000 Uncommon trap: reason=class_check action=maybe_recompile pc=0x0000000003614bc0 method=java.util.HashMap.putVal(ILjava/lang/Object;Ljava/lang/Object;ZZ)Ljava/lang/Object; @ 203
Event: 3.365 Thread 0x0000000002fa1000 Uncommon trap: reason=class_check action=maybe_recompile pc=0x00000000035f2ec0 method=java.util.HashMap.putVal(ILjava/lang/Object;Ljava/lang/Object;ZZ)Ljava/lang/Object; @ 203
Event: 3.381 Thread 0x0000000002fa1000 Uncommon trap: reason=bimorphic action=maybe_recompile pc=0x00000000037cd834 method=java.util.HashMap.putVal(ILjava/lang/Object;Ljava/lang/Object;ZZ)Ljava/lang/Object; @ 203
Event: 3.381 Thread 0x0000000002fa1000 Uncommon trap: reason=bimorphic action=maybe_recompile pc=0x00000000037cd834 method=java.util.HashMap.putVal(ILjava/lang/Object;Ljava/lang/Object;ZZ)Ljava/lang/Object; @ 203
Event: 3.381 Thread 0x0000000002fa1000 Uncommon trap: reason=bimorphic action=maybe_recompile pc=0x00000000037cd834 method=java.util.HashMap.putVal(ILjava/lang/Object;Ljava/lang/Object;ZZ)Ljava/lang/Object; @ 203
Event: 3.381 Thread 0x0000000002fa1000 Uncommon trap: reason=bimorphic action=maybe_recompile pc=0x00000000037cd834 method=java.util.HashMap.putVal(ILjava/lang/Object;Ljava/lang/Object;ZZ)Ljava/lang/Object; @ 203

Internal exceptions (5 events):
Event: 0.028 Thread 0x0000000002fa1000 Exception <a 'java/lang/NoSuchMethodError': Method sun.misc.Unsafe.defineClass(Ljava/lang/String;[BII)Ljava/lang/Class; name or signature does not match> (0x00000000eab07cc0) thrown at [C:\re\workspace\8-2-build-windows-amd64-cygwin\jdk8u101\7261\hotspot\sùñû›[&ù?
Event: 0.028 Thread 0x0000000002fa1000 Exception <a 'java/lang/NoSuchMethodError': Method sun.misc.Unsafe.prefetchRead(Ljava/lang/Object;J)V name or signature does not match> (0x00000000eab07fa8) thrown at [C:\re\workspace\8-2-build-windows-amd64-cygwin\jdk8u101\7261\hotspot\src\share\vm\prims\#>˚ñ∆ÓÒ?
Event: 1.121 Thread 0x00000000188df000 Implicit null exception at 0x00000000033b91aa to 0x00000000033b9cb1
Event: 1.128 Thread 0x00000000188d5000 Implicit null exception at 0x0000000003501f22 to 0x0000000003502012
Event: 1.140 Thread 0x0000000002fa1000 Implicit null exception at 0x00000000033b25e1 to 0x00000000033b2e85

Events (10 events):
Event: 3.381 Thread 0x0000000002fa1000 DEOPT UNPACKING pc=0x00000000030f582a sp=0x0000000002f7ede0 mode 2
Event: 3.381 Thread 0x0000000002fa1000 Uncommon trap: trap_request=0xffffffc6 fr.pc=0x00000000037cd834
Event: 3.381 Thread 0x0000000002fa1000 DEOPT PACKING pc=0x00000000037cd834 sp=0x0000000002f7eec0
Event: 3.381 Thread 0x0000000002fa1000 DEOPT UNPACKING pc=0x00000000030f582a sp=0x0000000002f7ede0 mode 2
Event: 3.381 Thread 0x0000000002fa1000 Uncommon trap: trap_request=0xffffffc6 fr.pc=0x00000000037cd834
Event: 3.381 Thread 0x0000000002fa1000 DEOPT PACKING pc=0x00000000037cd834 sp=0x0000000002f7eec0
Event: 3.381 Thread 0x0000000002fa1000 DEOPT UNPACKING pc=0x00000000030f582a sp=0x0000000002f7ede0 mode 2
Event: 3.381 Thread 0x0000000002fa1000 Uncommon trap: trap_request=0xffffffc6 fr.pc=0x00000000037cd834
Event: 3.381 Thread 0x0000000002fa1000 DEOPT PACKING pc=0x00000000037cd834 sp=0x0000000002f7eec0
Event: 3.381 Thread 0x0000000002fa1000 DEOPT UNPACKING pc=0x00000000030f582a sp=0x0000000002f7ede0 mode 2


Dynamic libraries:
0x00007ff6c4250000 - 0x00007ff6c4287000 	C:\Program Files\Java\jdk1.8.0_101\bin\java.exe
0x00007ff8209d0000 - 0x00007ff820ba1000 	C:\WINDOWS\SYSTEM32\ntdll.dll
0x00007ff81ff40000 - 0x00007ff81ffeb000 	C:\WINDOWS\System32\KERNEL32.DLL
0x00007ff81d640000 - 0x00007ff81d85d000 	C:\WINDOWS\System32\KERNELBASE.dll
0x00007ff820590000 - 0x00007ff820632000 	C:\WINDOWS\System32\ADVAPI32.dll
0x00007ff820420000 - 0x00007ff8204be000 	C:\WINDOWS\System32\msvcrt.dll
0x00007ff8204c0000 - 0x00007ff820519000 	C:\WINDOWS\System32\sechost.dll
0x00007ff81dfa0000 - 0x00007ff81e0c1000 	C:\WINDOWS\System32\RPCRT4.dll
0x00007ff820660000 - 0x00007ff8207c5000 	C:\WINDOWS\System32\USER32.dll
0x00007ff81d860000 - 0x00007ff81d87e000 	C:\WINDOWS\System32\win32u.dll
0x00007ff81df60000 - 0x00007ff81df94000 	C:\WINDOWS\System32\GDI32.dll
0x00007ff81d3a0000 - 0x00007ff81d522000 	C:\WINDOWS\System32\gdi32full.dll
0x00007ff810fd0000 - 0x00007ff811249000 	C:\WINDOWS\WinSxS\amd64_microsoft.windows.common-controls_6595b64144ccf1df_6.0.14393.447_none_42191651c6827bb3\COMCTL32.dll
0x00007ff81fc00000 - 0x00007ff81fec7000 	C:\WINDOWS\System32\combase.dll
0x00007ff81d0f0000 - 0x00007ff81d1e5000 	C:\WINDOWS\System32\ucrtbase.dll
0x00007ff81d5d0000 - 0x00007ff81d63a000 	C:\WINDOWS\System32\bcryptPrimitives.dll
0x00007ff81fbc0000 - 0x00007ff81fbee000 	C:\WINDOWS\System32\IMM32.DLL
0x0000000061460000 - 0x0000000061532000 	C:\Program Files\Java\jdk1.8.0_101\jre\bin\msvcr100.dll
0x0000000063370000 - 0x0000000063c0a000 	C:\Program Files\Java\jdk1.8.0_101\jre\bin\server\jvm.dll
0x00007ff81fbf0000 - 0x00007ff81fbf8000 	C:\WINDOWS\System32\PSAPI.DLL
0x00007ff80d790000 - 0x00007ff80d799000 	C:\WINDOWS\SYSTEM32\WSOCK32.dll
0x00007ff81b010000 - 0x00007ff81b033000 	C:\WINDOWS\SYSTEM32\WINMM.dll
0x00007ff819330000 - 0x00007ff81933a000 	C:\WINDOWS\SYSTEM32\VERSION.dll
0x00007ff820520000 - 0x00007ff82058a000 	C:\WINDOWS\System32\WS2_32.dll
0x0000000002e00000 - 0x0000000002e2b000 	C:\WINDOWS\SYSTEM32\WINMMBASE.dll
0x00007ff81d350000 - 0x00007ff81d392000 	C:\WINDOWS\System32\cfgmgr32.dll
0x0000000063280000 - 0x000000006328f000 	C:\Program Files\Java\jdk1.8.0_101\jre\bin\verify.dll
0x0000000063250000 - 0x0000000063279000 	C:\Program Files\Java\jdk1.8.0_101\jre\bin\java.dll
0x0000000063230000 - 0x0000000063246000 	C:\Program Files\Java\jdk1.8.0_101\jre\bin\zip.dll
0x00007ff81e650000 - 0x00007ff81fb59000 	C:\WINDOWS\System32\SHELL32.dll
0x00007ff81d880000 - 0x00007ff81df5a000 	C:\WINDOWS\System32\windows.storage.dll
0x00007ff81ce40000 - 0x00007ff81ce8c000 	C:\WINDOWS\System32\powrprof.dll
0x00007ff820910000 - 0x00007ff820962000 	C:\WINDOWS\System32\shlwapi.dll
0x00007ff81ce30000 - 0x00007ff81ce3f000 	C:\WINDOWS\System32\kernel.appcore.dll
0x00007ff81d2a0000 - 0x00007ff81d349000 	C:\WINDOWS\System32\shcore.dll
0x00007ff81ce90000 - 0x00007ff81cea4000 	C:\WINDOWS\System32\profapi.dll

VM Arguments:
jvm_args: -Djava.awt.headless=true -Xmx1024M -Dfile.encoding=windows-1252 -Duser.country=BR -Duser.language=pt -Duser.variant 
java_command: com.android.dx.command.Main --dex --num-threads=4 --output C:\Users\matiastulio\Desktop\AppSocial2\app\build\intermediates\pre-dexed\debug\com.android.support-mediarouter-v7-23.0.0_a8e807fdd453b7945d17982b49a83f4bb24aa8a1.jar C:\Users\matiastulio\Desktop\AppSocial2\app\build\intermediates\exploded-aar\com.android.support\mediarouter-v7\23.0.0\jars\classes.jar
java_class_path (initial): D:\SDK_AS\build-tools\24.0.0\lib\dx.jar
Launcher Type: SUN_STANDARD

Environment Variables:
PATH=c:\programdata\oracle\java\javapath;c:\windows\system32;c:\windows;c:\windows\system32\wbem;c:\windows\system32\windowspowershell\v1.0\;c:\program files (x86)\skype\phone\;c:\windows\system32;c:\windows;c:\windows\system32\wbem;c:\windows\system32\windowspowershell\v1.0\;c:\MinGW\bin;C:\Users\matiastulio\AppData\Local\Microsoft\WindowsApps;c:\MinGW\bin;
USERNAME=matiastulio
OS=Windows_NT
PROCESSOR_IDENTIFIER=Intel64 Family 6 Model 42 Stepping 7, GenuineIntel



---------------  S Y S T E M  ---------------

OS: Windows 10.0 , 64 bit Build 14393 (10.0.14393.0)

CPU:total 8 (4 cores per cpu, 2 threads per core) family 6 model 42 stepping 7, cmov, cx8, fxsr, mmx, sse, sse2, sse3, ssse3, sse4.1, sse4.2, popcnt, avx, aes, clmul, ht, tsc, tscinvbit

Memory: 4k page, physical 16723044k(6199624k free), swap 16723044k(4112k free)

vm_info: Java HotSpot(TM) 64-Bit Server VM (25.101-b13) for windows-amd64 JRE (1.8.0_101-b13), built on Jun 22 2016 01:21:29 by "java_re" with MS VC++ 10.0 (VS2010)

time: Fri Dec 02 02:53:12 2016
elapsed time: 3 seconds (0d 0h 0m 3s)

