#
# There is insufficient memory for the Java Runtime Environment to continue.
# Native memory allocation (malloc) failed to allocate 1048576 bytes for AllocateHeap
# Possible reasons:
#   The system is out of physical RAM or swap space
#   In 32 bit mode, the process size limit was hit
# Possible solutions:
#   Reduce memory load on the system
#   Increase physical memory or swap space
#   Check if swap backing store is full
#   Use 64 bit Java on a 64 bit OS
#   Decrease Java heap size (-Xmx/-Xms)
#   Decrease number of Java threads
#   Decrease Java thread stack sizes (-Xss)
#   Set larger code cache with -XX:ReservedCodeCacheSize=
# This output file may be truncated or incomplete.
#
#  Out of Memory Error (memory/allocation.inline.hpp:61), pid=5308, tid=0x0000000000000574
#
# JRE version:  (8.0_101-b13) (build )
# Java VM: Java HotSpot(TM) 64-Bit Server VM (25.101-b13 mixed mode windows-amd64 compressed oops)
# Failed to write core dump. Minidumps are not enabled by default on client versions of Windows
#

---------------  T H R E A D  ---------------

Current thread (0x0000000002ee1000):  JavaThread "Unknown thread" [_thread_in_vm, id=1396, stack(0x0000000002d20000,0x0000000002e20000)]

Stack: [0x0000000002d20000,0x0000000002e20000]
[error occurred during error reporting (printing stack bounds), id 0xc0000005]

Native frames: (J=compiled Java code, j=interpreted, Vv=VM code, C=native code)


---------------  P R O C E S S  ---------------

Java Threads: ( => current thread )

Other Threads:

=>0x0000000002ee1000 (exited) JavaThread "Unknown thread" [_thread_in_vm, id=1396, stack(0x0000000002d20000,0x0000000002e20000)]

VM state:not at safepoint (normal execution)

VM Mutex/Monitor currently owned by a thread: None

Heap:
 PSYoungGen      total 76288K, used 1310K [0x000000076ab00000, 0x0000000770000000, 0x00000007c0000000)
  eden space 65536K, 2% used [0x000000076ab00000,0x000000076ac47af0,0x000000076eb00000)
  from space 10752K, 0% used [0x000000076f580000,0x000000076f580000,0x0000000770000000)
  to   space 10752K, 0% used [0x000000076eb00000,0x000000076eb00000,0x000000076f580000)
 ParOldGen       total 175104K, used 0K [0x00000006c0000000, 0x00000006cab00000, 0x000000076ab00000)
  object space 175104K, 0% used [0x00000006c0000000,0x00000006c0000000,0x00000006cab00000)
 Metaspace       used 769K, capacity 4480K, committed 4480K, reserved 1056768K
  class space    used 75K, capacity 384K, committed 384K, reserved 1048576K

Card table byte_map: [0x00000000123a0000,0x0000000012bb0000] byte_map_base: 0x000000000eda0000

Marking Bits: (ParMarkBitMap*) 0x0000000063b8a6d0
 Begin Bits: [0x0000000013910000, 0x0000000017910000)
 End Bits:   [0x0000000017910000, 0x000000001b910000)

Polling page: 0x0000000001550000

CodeCache: size=245760Kb used=328Kb max_used=328Kb free=245431Kb
 bounds [0x0000000002fe0000, 0x0000000003250000, 0x0000000011fe0000]
 total_blobs=58 nmethods=0 adapters=38
 compilation: enabled

Compilation events (0 events):
No events

GC Heap History (0 events):
No events

Deoptimization events (0 events):
No events

Internal exceptions (0 events):
No events

Events (10 events):
Event: 0.032 loading class java/lang/Short
Event: 0.032 loading class java/lang/Short done
Event: 0.032 loading class java/lang/Integer
Event: 0.032 loading class java/lang/Integer done
Event: 0.032 loading class java/lang/Long
Event: 0.032 loading class java/lang/Long done
Event: 0.034 loading class java/lang/NullPointerException
Event: 0.034 loading class java/lang/NullPointerException done
Event: 0.034 loading class java/lang/ArithmeticException
Event: 0.034 loading class java/lang/ArithmeticException done


Dynamic libraries:
0x00007ff6c4250000 - 0x00007ff6c4287000 	C:\Program Files\Java\jdk1.8.0_101\bin\java.exe
0x00007ff8209d0000 - 0x00007ff820ba1000 	C:\WINDOWS\SYSTEM32\ntdll.dll
0x00007ff81ff40000 - 0x00007ff81ffeb000 	C:\WINDOWS\System32\KERNEL32.DLL
0x00007ff81d640000 - 0x00007ff81d85d000 	C:\WINDOWS\System32\KERNELBASE.dll
0x00007ff820590000 - 0x00007ff820632000 	C:\WINDOWS\System32\ADVAPI32.dll
0x00007ff820420000 - 0x00007ff8204be000 	C:\WINDOWS\System32\msvcrt.dll
0x00007ff8204c0000 - 0x00007ff820519000 	C:\WINDOWS\System32\sechost.dll
0x00007ff81dfa0000 - 0x00007ff81e0c1000 	C:\WINDOWS\System32\RPCRT4.dll
0x00007ff820660000 - 0x00007ff8207c5000 	C:\WINDOWS\System32\USER32.dll
0x00007ff81d860000 - 0x00007ff81d87e000 	C:\WINDOWS\System32\win32u.dll
0x00007ff81df60000 - 0x00007ff81df94000 	C:\WINDOWS\System32\GDI32.dll
0x00007ff81d3a0000 - 0x00007ff81d522000 	C:\WINDOWS\System32\gdi32full.dll
0x00007ff810fd0000 - 0x00007ff811249000 	C:\WINDOWS\WinSxS\amd64_microsoft.windows.common-controls_6595b64144ccf1df_6.0.14393.447_none_42191651c6827bb3\COMCTL32.dll
0x00007ff81fc00000 - 0x00007ff81fec7000 	C:\WINDOWS\System32\combase.dll
0x00007ff81d0f0000 - 0x00007ff81d1e5000 	C:\WINDOWS\System32\ucrtbase.dll
0x00007ff81d5d0000 - 0x00007ff81d63a000 	C:\WINDOWS\System32\bcryptPrimitives.dll
0x00007ff81fbc0000 - 0x00007ff81fbee000 	C:\WINDOWS\System32\IMM32.DLL
0x0000000061460000 - 0x0000000061532000 	C:\Program Files\Java\jdk1.8.0_101\jre\bin\msvcr100.dll
0x0000000063370000 - 0x0000000063c0a000 	C:\Program Files\Java\jdk1.8.0_101\jre\bin\server\jvm.dll
0x00007ff81fbf0000 - 0x00007ff81fbf8000 	C:\WINDOWS\System32\PSAPI.DLL
0x00007ff80d790000 - 0x00007ff80d799000 	C:\WINDOWS\SYSTEM32\WSOCK32.dll
0x00007ff81b010000 - 0x00007ff81b033000 	C:\WINDOWS\SYSTEM32\WINMM.dll
0x00007ff820520000 - 0x00007ff82058a000 	C:\WINDOWS\System32\WS2_32.dll
0x00007ff819330000 - 0x00007ff81933a000 	C:\WINDOWS\SYSTEM32\VERSION.dll
0x00007ff81abc0000 - 0x00007ff81abeb000 	C:\WINDOWS\SYSTEM32\WINMMBASE.dll
0x00007ff81d350000 - 0x00007ff81d392000 	C:\WINDOWS\System32\cfgmgr32.dll
0x0000000063280000 - 0x000000006328f000 	C:\Program Files\Java\jdk1.8.0_101\jre\bin\verify.dll
0x0000000063250000 - 0x0000000063279000 	C:\Program Files\Java\jdk1.8.0_101\jre\bin\java.dll
0x0000000063230000 - 0x0000000063246000 	C:\Program Files\Java\jdk1.8.0_101\jre\bin\zip.dll

VM Arguments:
jvm_args: -Djava.awt.headless=true -Xmx4g -Dfile.encoding=windows-1252 -Duser.country=BR -Duser.language=pt -Duser.variant 
java_command: com.android.dx.command.Main --dex --num-threads=4 --output C:\Users\matiastulio\Desktop\AppSocial2\app\build\intermediates\pre-dexed\debug\com.google.android.gms-play-services-drive-9.4.0_574c110c6dfbd4aea8276f8b69548a4e9cb16fe7.jar C:\Users\matiastulio\Desktop\AppSocial2\app\build\intermediates\exploded-aar\com.google.android.gms\play-services-drive\9.4.0\jars\classes.jar
java_class_path (initial): D:\SDK_AS\build-tools\24.0.0\lib\dx.jar
Launcher Type: SUN_STANDARD

Environment Variables:
PATH=c:\programdata\oracle\java\javapath;c:\windows\system32;c:\windows;c:\windows\system32\wbem;c:\windows\system32\windowspowershell\v1.0\;c:\program files (x86)\skype\phone\;c:\windows\system32;c:\windows;c:\windows\system32\wbem;c:\windows\system32\windowspowershell\v1.0\;c:\MinGW\bin;C:\Users\matiastulio\AppData\Local\Microsoft\WindowsApps;c:\MinGW\bin;
USERNAME=matiastulio
OS=Windows_NT
PROCESSOR_IDENTIFIER=Intel64 Family 6 Model 42 Stepping 7, GenuineIntel



---------------  S Y S T E M  ---------------

OS: Windows 10.0 , 64 bit Build 14393 (10.0.14393.0)

CPU:total 8 (4 cores per cpu, 2 threads per core) family 6 model 42 stepping 7, cmov, cx8, fxsr, mmx, sse, sse2, sse3, ssse3, sse4.1, sse4.2, popcnt, avx, aes, clmul, ht, tsc, tscinvbit

Memory: 4k page, physical 16723044k(5987708k free), swap 16723044k(5196k free)

vm_info: Java HotSpot(TM) 64-Bit Server VM (25.101-b13) for windows-amd64 JRE (1.8.0_101-b13), built on Jun 22 2016 01:21:29 by "java_re" with MS VC++ 10.0 (VS2010)

time: Fri Dec 02 02:59:27 2016
elapsed time: 0 seconds (0d 0h 0m 0s)

