#
# There is insufficient memory for the Java Runtime Environment to continue.
# Native memory allocation (malloc) failed to allocate 1048576 bytes for AllocateHeap
# Possible reasons:
#   The system is out of physical RAM or swap space
#   In 32 bit mode, the process size limit was hit
# Possible solutions:
#   Reduce memory load on the system
#   Increase physical memory or swap space
#   Check if swap backing store is full
#   Use 64 bit Java on a 64 bit OS
#   Decrease Java heap size (-Xmx/-Xms)
#   Decrease number of Java threads
#   Decrease Java thread stack sizes (-Xss)
#   Set larger code cache with -XX:ReservedCodeCacheSize=
# This output file may be truncated or incomplete.
#
#  Out of Memory Error (memory/allocation.inline.hpp:61), pid=2940, tid=0x0000000000002f2c
#
# JRE version:  (8.0_101-b13) (build )
# Java VM: Java HotSpot(TM) 64-Bit Server VM (25.101-b13 mixed mode windows-amd64 compressed oops)
# Failed to write core dump. Minidumps are not enabled by default on client versions of Windows
#

---------------  T H R E A D  ---------------

Current thread (0x0000000002b41000):  JavaThread "Unknown thread" [_thread_in_vm, id=12076, stack(0x0000000002a10000,0x0000000002b10000)]

Stack: [0x0000000002a10000,0x0000000002b10000]
[error occurred during error reporting (printing stack bounds), id 0xc0000005]

Native frames: (J=compiled Java code, j=interpreted, Vv=VM code, C=native code)


---------------  P R O C E S S  ---------------

Java Threads: ( => current thread )

Other Threads:

=>0x0000000002b41000 (exited) JavaThread "Unknown thread" [_thread_in_vm, id=12076, stack(0x0000000002a10000,0x0000000002b10000)]

VM state:not at safepoint (normal execution)

VM Mutex/Monitor currently owned by a thread: None

Heap:
 PSYoungGen      total 76288K, used 1310K [0x000000076ab00000, 0x0000000770000000, 0x00000007c0000000)
  eden space 65536K, 2% used [0x000000076ab00000,0x000000076ac47af0,0x000000076eb00000)
  from space 10752K, 0% used [0x000000076f580000,0x000000076f580000,0x0000000770000000)
  to   space 10752K, 0% used [0x000000076eb00000,0x000000076eb00000,0x000000076f580000)
 ParOldGen       total 175104K, used 0K [0x00000006c0000000, 0x00000006cab00000, 0x000000076ab00000)
  object space 175104K, 0% used [0x00000006c0000000,0x00000006c0000000,0x00000006cab00000)
 Metaspace       used 769K, capacity 4480K, committed 4480K, reserved 1056768K
  class space    used 75K, capacity 384K, committed 384K, reserved 1048576K

Card table byte_map: [0x0000000012010000,0x0000000012820000] byte_map_base: 0x000000000ea10000

Marking Bits: (ParMarkBitMap*) 0x0000000065bfa6d0
 Begin Bits: [0x0000000013580000, 0x0000000017580000)
 End Bits:   [0x0000000017580000, 0x000000001b580000)

Polling page: 0x0000000002b20000

CodeCache: size=245760Kb used=328Kb max_used=328Kb free=245431Kb
 bounds [0x0000000002c50000, 0x0000000002ec0000, 0x0000000011c50000]
 total_blobs=58 nmethods=0 adapters=38
 compilation: enabled

Compilation events (0 events):
No events

GC Heap History (0 events):
No events

Deoptimization events (0 events):
No events

Internal exceptions (0 events):
No events

Events (10 events):
Event: 0.071 loading class java/lang/Short
Event: 0.071 loading class java/lang/Short done
Event: 0.071 loading class java/lang/Integer
Event: 0.071 loading class java/lang/Integer done
Event: 0.071 loading class java/lang/Long
Event: 0.071 loading class java/lang/Long done
Event: 0.073 loading class java/lang/NullPointerException
Event: 0.073 loading class java/lang/NullPointerException done
Event: 0.073 loading class java/lang/ArithmeticException
Event: 0.073 loading class java/lang/ArithmeticException done


Dynamic libraries:
0x00007ff622970000 - 0x00007ff6229a7000 	C:\Program Files\Java\jdk1.8.0_101\bin\java.exe
0x00007ffeee590000 - 0x00007ffeee76b000 	C:\WINDOWS\SYSTEM32\ntdll.dll
0x00007ffeebc40000 - 0x00007ffeebcee000 	C:\WINDOWS\System32\KERNEL32.DLL
0x00007ffeeb560000 - 0x00007ffeeb7a9000 	C:\WINDOWS\System32\KERNELBASE.dll
0x00007ffeed4f0000 - 0x00007ffeed591000 	C:\WINDOWS\System32\ADVAPI32.dll
0x00007ffeec000000 - 0x00007ffeec09d000 	C:\WINDOWS\System32\msvcrt.dll
0x00007ffeebda0000 - 0x00007ffeebdf9000 	C:\WINDOWS\System32\sechost.dll
0x00007ffeed9b0000 - 0x00007ffeedad5000 	C:\WINDOWS\System32\RPCRT4.dll
0x00007ffeebe10000 - 0x00007ffeebf5a000 	C:\WINDOWS\System32\USER32.dll
0x00007ffeeb9d0000 - 0x00007ffeeb9ee000 	C:\WINDOWS\System32\win32u.dll
0x00007ffeebaf0000 - 0x00007ffeebb17000 	C:\WINDOWS\System32\GDI32.dll
0x00007ffeeac20000 - 0x00007ffeeada9000 	C:\WINDOWS\System32\gdi32full.dll
0x00007ffeeab20000 - 0x00007ffeeabba000 	C:\WINDOWS\System32\msvcp_win.dll
0x00007ffeeb9f0000 - 0x00007ffeebae6000 	C:\WINDOWS\System32\ucrtbase.dll
0x00007ffede3a0000 - 0x00007ffede607000 	C:\WINDOWS\WinSxS\amd64_microsoft.windows.common-controls_6595b64144ccf1df_6.0.15063.0_none_108e4f62dfe5d999\COMCTL32.dll
0x00007ffeee290000 - 0x00007ffeee589000 	C:\WINDOWS\System32\combase.dll
0x00007ffeeaab0000 - 0x00007ffeeab1a000 	C:\WINDOWS\System32\bcryptPrimitives.dll
0x00007ffeed5a0000 - 0x00007ffeed5cd000 	C:\WINDOWS\System32\IMM32.DLL
0x0000000062d30000 - 0x0000000062e02000 	C:\Program Files\Java\jdk1.8.0_101\jre\bin\msvcr100.dll
0x00000000653e0000 - 0x0000000065c7a000 	C:\Program Files\Java\jdk1.8.0_101\jre\bin\server\jvm.dll
0x00007ffeebe00000 - 0x00007ffeebe08000 	C:\WINDOWS\System32\PSAPI.DLL
0x00007ffed3f40000 - 0x00007ffed3f49000 	C:\WINDOWS\SYSTEM32\WSOCK32.dll
0x00007ffeed630000 - 0x00007ffeed69c000 	C:\WINDOWS\System32\WS2_32.dll
0x00007ffee8bd0000 - 0x00007ffee8bf3000 	C:\WINDOWS\SYSTEM32\WINMM.dll
0x00007ffee4d10000 - 0x00007ffee4d1a000 	C:\WINDOWS\SYSTEM32\VERSION.dll
0x00007ffee8870000 - 0x00007ffee889b000 	C:\WINDOWS\SYSTEM32\WINMMBASE.dll
0x00007ffeeb7b0000 - 0x00007ffeeb7f9000 	C:\WINDOWS\System32\cfgmgr32.dll
0x00000000652f0000 - 0x00000000652ff000 	C:\Program Files\Java\jdk1.8.0_101\jre\bin\verify.dll
0x00000000652c0000 - 0x00000000652e9000 	C:\Program Files\Java\jdk1.8.0_101\jre\bin\java.dll
0x00000000652a0000 - 0x00000000652b6000 	C:\Program Files\Java\jdk1.8.0_101\jre\bin\zip.dll

VM Arguments:
jvm_args: -Djava.awt.headless=true -Xmx4g -Dfile.encoding=windows-1252 -Duser.country=BR -Duser.language=pt -Duser.variant 
java_command: com.android.dx.command.Main --dex --force-jumbo --num-threads=4 --multi-dex --output C:\Users\matiastulio\GitHub\AppSocial\app\build\intermediates\transforms\dex\debug\folders\1000\10\com.android.support-multidex-1.0.1_82d0c2d7a77dff46b6b9c28dd772a3fb703ba4b2 C:\Users\matiastulio\GitHub\AppSocial\app\build\intermediates\exploded-aar\com.android.support\multidex\1.0.1\jars\classes.jar
java_class_path (initial): D:\SDK_AS\build-tools\24.0.0\lib\dx.jar
Launcher Type: SUN_STANDARD

Environment Variables:
PATH=c:\programdata\oracle\java\javapath;c:\windows\system32;c:\windows;c:\windows\system32\wbem;c:\windows\system32\windowspowershell\v1.0\;c:\program files (x86)\skype\phone\;c:\MinGW\bin;%SystemRoot%\system32;%SystemRoot%;%SystemRoot%\System32\Wbem;%SYSTEMROOT%\System32\WindowsPowerShell\v1.0\;C:\Users\matiastulio\AppData\Local\Microsoft\WindowsApps;c:\MinGW\bin;
USERNAME=matiastulio
OS=Windows_NT
PROCESSOR_IDENTIFIER=Intel64 Family 6 Model 42 Stepping 7, GenuineIntel



---------------  S Y S T E M  ---------------

OS: Windows 10.0 , 64 bit Build 15063 (10.0.15063.296)

CPU:total 8 (4 cores per cpu, 2 threads per core) family 6 model 42 stepping 7, cmov, cx8, fxsr, mmx, sse, sse2, sse3, ssse3, sse4.1, sse4.2, popcnt, avx, aes, clmul, ht, tsc, tscinvbit

Memory: 4k page, physical 16723044k(4255064k free), swap 16723044k(5436k free)

vm_info: Java HotSpot(TM) 64-Bit Server VM (25.101-b13) for windows-amd64 JRE (1.8.0_101-b13), built on Jun 22 2016 01:21:29 by "java_re" with MS VC++ 10.0 (VS2010)

time: Sun Jun 04 01:12:46 2017
elapsed time: 0 seconds (0d 0h 0m 0s)

